<?xml version="1.0" encoding="UTF-8"?>
<!-- Generated by org.testng.reporters.JUnitXMLReporter -->
<testsuite ignored="0" hostname="karthiks-MacBook-Air.local" failures="1" tests="1" name="Test" time="26.576" errors="0" timestamp="23 Dec 2019 17:38:15 GMT">
  <testcase classname="tests.ScrollDemo" name="scrollTEst" time="21.054">
    <failure type="java.lang.NullPointerException">
      <![CDATA[java.lang.NullPointerException
at tests.ScrollDemo.scrollTEst(ScrollDemo.java:41)
... Removed 25 stack frames]]>
    </failure>
  </testcase> <!-- scrollTEst -->
</testsuite> <!-- Test -->
