<?xml version="1.0" encoding="UTF-8"?>
<!-- Generated by org.testng.reporters.JUnitXMLReporter -->
<testsuite ignored="0" hostname="karthiks-MacBook-Air.local" failures="1" tests="2" name="Test" time="0.621" errors="0" timestamp="25 Dec 2019 15:18:17 GMT">
  <testcase classname="tests.ScrollDemo" name="scrollTEst" time="0.547">
    <failure type="java.lang.NullPointerException">
      <![CDATA[java.lang.NullPointerException
at tests.ScrollDemo.scrollTEst(ScrollDemo.java:23)
... Removed 25 stack frames]]>
    </failure>
  </testcase> <!-- scrollTEst -->
  <testcase classname="tests.ScrollDemo" name="test2Demo" time="0.006"/>
</testsuite> <!-- Test -->
