<?xml version="1.0" encoding="UTF-8"?>
<testng-results ignored="0" total="1" passed="1" failed="0" skipped="0">
  <reporter-output>
  </reporter-output>
  <suite started-at="2020-01-24T11:13:36Z" name="Suite" finished-at="2020-01-24T12:39:35Z" duration-ms="5158564">
    <groups>
    </groups>
    <test started-at="2020-01-24T11:13:36Z" name="DesktopTest" finished-at="2020-01-24T12:39:35Z" duration-ms="5158564">
      <class name="commonSteps.commonSteps">
        <test-method is-config="true" signature="beforeTest()[pri:0, instance:commonSteps.commonSteps@7139992f]" started-at="2020-01-24T11:13:36Z" name="beforeTest" finished-at="2020-01-24T11:13:36Z" duration-ms="7" status="PASS">
          <reporter-output>
          </reporter-output>
        </test-method> <!-- beforeTest -->
        <test-method is-config="true" signature="afterTest()[pri:0, instance:commonSteps.commonSteps@7139992f]" started-at="2020-01-24T12:39:35Z" name="afterTest" finished-at="2020-01-24T12:39:35Z" duration-ms="0" status="PASS">
          <reporter-output>
          </reporter-output>
        </test-method> <!-- afterTest -->
      </class> <!-- commonSteps.commonSteps -->
      <class name="desktoptests.TestDemo">
        <test-method is-config="true" signature="beforeM()[pri:0, instance:desktoptests.TestDemo@69504ae9]" started-at="2020-01-24T11:13:36Z" name="beforeM" finished-at="2020-01-24T11:13:43Z" duration-ms="6196" status="PASS">
          <reporter-output>
          </reporter-output>
        </test-method> <!-- beforeM -->
        <test-method signature="check()[pri:0, instance:desktoptests.TestDemo@69504ae9]" started-at="2020-01-24T11:13:43Z" name="check" finished-at="2020-01-24T12:39:34Z" duration-ms="5151111" status="PASS">
          <reporter-output>
          </reporter-output>
        </test-method> <!-- check -->
        <test-method is-config="true" signature="afterM()[pri:0, instance:desktoptests.TestDemo@69504ae9]" started-at="2020-01-24T12:39:34Z" name="afterM" finished-at="2020-01-24T12:39:35Z" duration-ms="1232" status="PASS">
          <reporter-output>
          </reporter-output>
        </test-method> <!-- afterM -->
      </class> <!-- desktoptests.TestDemo -->
    </test> <!-- DesktopTest -->
  </suite> <!-- Suite -->
</testng-results>
